\BOOKMARK [0][-]{chapter.1}{Introduction}{}% 1
\BOOKMARK [1][-]{section.1.1}{Problem statement}{chapter.1}% 2
\BOOKMARK [1][-]{section.1.2}{Contributions}{chapter.1}% 3
\BOOKMARK [1][-]{section.1.3}{Outline}{chapter.1}% 4
\BOOKMARK [0][-]{chapter.2}{Background}{}% 5
\BOOKMARK [1][-]{section.2.1}{PinePhone}{chapter.2}% 6
\BOOKMARK [1][-]{section.2.2}{Trusted Execution Environment}{chapter.2}% 7
\BOOKMARK [1][-]{section.2.3}{ARM TrustZone}{chapter.2}% 8
\BOOKMARK [1][-]{section.2.4}{Chain of Trust}{chapter.2}% 9
\BOOKMARK [1][-]{section.2.5}{Secure Boot}{chapter.2}% 10
\BOOKMARK [1][-]{section.2.6}{Remote Attestation}{chapter.2}% 11
\BOOKMARK [0][-]{chapter.3}{Method}{}% 12
\BOOKMARK [1][-]{section.3.1}{System Model}{chapter.3}% 13
\BOOKMARK [1][-]{section.3.2}{Attacker Model}{chapter.3}% 14
\BOOKMARK [1][-]{section.3.3}{Solution}{chapter.3}% 15
\BOOKMARK [0][-]{chapter.4}{Implementation}{}% 16
\BOOKMARK [1][-]{section.4.1}{Secure Boot}{chapter.4}% 17
\BOOKMARK [1][-]{section.4.2}{Attestation TA}{chapter.4}% 18
\BOOKMARK [0][-]{chapter.5}{Experiments}{}% 19
\BOOKMARK [1][-]{section.5.1}{Performance}{chapter.5}% 20
\BOOKMARK [1][-]{section.5.2}{Performance Evaluation}{chapter.5}% 21
\BOOKMARK [1][-]{section.5.3}{Security Properties}{chapter.5}% 22
\BOOKMARK [1][-]{section.5.4}{Security Evaluation}{chapter.5}% 23
\BOOKMARK [0][-]{chapter.6}{Conclusion}{}% 24
\BOOKMARK [1][-]{section.6.1}{Contributions}{chapter.6}% 25
\BOOKMARK [1][-]{section.6.2}{Future Improvements}{chapter.6}% 26
\BOOKMARK [0][-]{chapter.7}{Discussion}{}% 27
