\BOOKMARK [0][-]{chapter*.1}{Preface}{}% 1
\BOOKMARK [0][-]{chapter*.5}{Abstract}{}% 2
\BOOKMARK [0][-]{chapter*.9}{Samenvatting}{}% 3
\BOOKMARK [0][-]{section*.13}{List of Figures}{}% 4
\BOOKMARK [0][-]{chapter*.14}{List of Abbreviations}{}% 5
\BOOKMARK [0][-]{chapter.1}{Introduction}{}% 6
\BOOKMARK [0][-]{chapter.2}{Background}{}% 7
\BOOKMARK [1][-]{section.2.1}{Remote Attestation}{chapter.2}% 8
\BOOKMARK [1][-]{section.2.2}{Trusted Execution Environment}{chapter.2}% 9
\BOOKMARK [1][-]{section.2.3}{ARM TrustZone}{chapter.2}% 10
\BOOKMARK [1][-]{section.2.4}{PinePhone}{chapter.2}% 11
\BOOKMARK [1][-]{section.2.5}{OP-TEE}{chapter.2}% 12
\BOOKMARK [1][-]{section.2.6}{Secure boot, trusted boot and remote attestation for ARM TrustZone-based IoT Nodes LingZhen2021Sbtb}{chapter.2}% 13
\BOOKMARK [0][-]{chapter.3}{Method}{}% 14
\BOOKMARK [1][-]{section.3.1}{Detailed Problem}{chapter.3}% 15
\BOOKMARK [1][-]{section.3.2}{System Model}{chapter.3}% 16
\BOOKMARK [1][-]{section.3.3}{Attacker Model}{chapter.3}% 17
\BOOKMARK [1][-]{section.3.4}{Solution}{chapter.3}% 18
\BOOKMARK [0][-]{chapter.4}{Implementation}{}% 19
\BOOKMARK [1][-]{section.4.1}{NW application}{chapter.4}% 20
\BOOKMARK [1][-]{section.4.2}{Measurement PTA}{chapter.4}% 21
\BOOKMARK [1][-]{section.4.3}{Improvements and extensions}{chapter.4}% 22
\BOOKMARK [0][-]{chapter.5}{Evaluation}{}% 23
\BOOKMARK [1][-]{section.5.1}{Experiment setup}{chapter.5}% 24
\BOOKMARK [1][-]{section.5.2}{Performance}{chapter.5}% 25
\BOOKMARK [1][-]{section.5.3}{Performance Evaluation}{chapter.5}% 26
\BOOKMARK [1][-]{section.5.4}{Security Properties}{chapter.5}% 27
\BOOKMARK [1][-]{section.5.5}{Security Evaluation}{chapter.5}% 28
\BOOKMARK [0][-]{chapter.6}{Discussion}{}% 29
\BOOKMARK [1][-]{section.6.1}{Related work}{chapter.6}% 30
\BOOKMARK [1][-]{section.6.2}{Comparison of Approaches}{chapter.6}% 31
\BOOKMARK [1][-]{section.6.3}{Reflection}{chapter.6}% 32
\BOOKMARK [1][-]{section.6.4}{Future Work}{chapter.6}% 33
\BOOKMARK [0][-]{chapter.7}{Conclusion}{}% 34
\BOOKMARK [0][-]{chapter*.154}{Bibliography}{}% 35
