\BOOKMARK [0][-]{chapter.1}{InitialPapers}{}% 1
\BOOKMARK [1][-]{section.1.1}{Demystifying Arm TrustZone: A Comprehensive Survey}{chapter.1}% 2
\BOOKMARK [2][-]{subsection.1.1.1}{Introduction}{section.1.1}% 3
\BOOKMARK [2][-]{subsection.1.1.2}{TrustZone for Application Processors}{section.1.1}% 4
\BOOKMARK [2][-]{subsection.1.1.3}{Trusted Execution Environments}{section.1.1}% 5
\BOOKMARK [2][-]{subsection.1.1.4}{Trustzone-Assisted Virtualization}{section.1.1}% 6
\BOOKMARK [2][-]{subsection.1.1.5}{Security Issues and Vulnerabilities}{section.1.1}% 7
\BOOKMARK [2][-]{subsection.1.1.6}{Future Directions}{section.1.1}% 8
\BOOKMARK [1][-]{section.1.2}{Fidelius: Protecting User Secrets from Compromised Browsers}{chapter.1}% 9
\BOOKMARK [2][-]{subsection.1.2.1}{Introduction}{section.1.2}% 10
\BOOKMARK [2][-]{subsection.1.2.2}{Background}{section.1.2}% 11
\BOOKMARK [2][-]{subsection.1.2.3}{Design}{section.1.2}% 12
\BOOKMARK [2][-]{subsection.1.2.4}{Evaluation}{section.1.2}% 13
\BOOKMARK [1][-]{section.1.3}{POSTER: An Open-Source Framework for Developing Heterogeneous Distributed Enclave Applications}{chapter.1}% 14
\BOOKMARK [2][-]{subsection.1.3.1}{Introduction}{section.1.3}% 15
\BOOKMARK [2][-]{subsection.1.3.2}{Authentic Execution}{section.1.3}% 16
\BOOKMARK [1][-]{section.1.4}{SANA: Secure and Scalable Aggregate Network Attestation}{chapter.1}% 17
\BOOKMARK [2][-]{subsection.1.4.1}{Introduction}{section.1.4}% 18
\BOOKMARK [2][-]{subsection.1.4.2}{Background \046 Related Work}{section.1.4}% 19
\BOOKMARK [2][-]{subsection.1.4.3}{Design}{section.1.4}% 20
\BOOKMARK [2][-]{subsection.1.4.4}{Results \046 Evaluation}{section.1.4}% 21
\BOOKMARK [1][-]{section.1.5}{Sancus 2.0: A Low-Cost Security Architecture for IoT Devices}{chapter.1}% 22
\BOOKMARK [2][-]{subsection.1.5.1}{Introduction}{section.1.5}% 23
\BOOKMARK [2][-]{subsection.1.5.2}{Background}{section.1.5}% 24
\BOOKMARK [2][-]{subsection.1.5.3}{Design}{section.1.5}% 25
\BOOKMARK [1][-]{section.1.6}{SeCloak: ARM Trustzone-based Mobile Peripheral Control}{chapter.1}% 26
\BOOKMARK [2][-]{subsection.1.6.1}{Introduction}{section.1.6}% 27
\BOOKMARK [2][-]{subsection.1.6.2}{Background \046 Related Work}{section.1.6}% 28
\BOOKMARK [2][-]{subsection.1.6.3}{Design Overview}{section.1.6}% 29
\BOOKMARK [2][-]{subsection.1.6.4}{Results \046 Evaluation}{section.1.6}% 30
\BOOKMARK [1][-]{section.1.7}{SEDA: Scalable Embedded Device Attestation}{chapter.1}% 31
\BOOKMARK [2][-]{subsection.1.7.1}{Introduction}{section.1.7}% 32
\BOOKMARK [2][-]{subsection.1.7.2}{Swarm Attestation}{section.1.7}% 33
\BOOKMARK [0][-]{chapter.2}{ARMTrustZone}{}% 34
\BOOKMARK [1][-]{section.2.1}{Trusted Execution Environment: What it is, and What it is not}{chapter.2}% 35
\BOOKMARK [2][-]{subsection.2.1.1}{Introduction}{section.2.1}% 36
\BOOKMARK [2][-]{subsection.2.1.2}{Trusted Execution Environment}{section.2.1}% 37
\BOOKMARK [2][-]{subsection.2.1.3}{TEE Building Blocks}{section.2.1}% 38
\BOOKMARK [2][-]{subsection.2.1.4}{ARM TrustZone based TEE}{section.2.1}% 39
\BOOKMARK [1][-]{section.2.2}{Trusted Computing Building Blocks for Embedded Linux-based ARM TrustZone Platforms}{chapter.2}% 40
\BOOKMARK [2][-]{subsection.2.2.1}{Introduction}{section.2.2}% 41
\BOOKMARK [2][-]{subsection.2.2.2}{Prototype Mobile Trusted Platform Design}{section.2.2}% 42
\BOOKMARK [2][-]{subsection.2.2.3}{Virtualisation with ARM TrustZone}{section.2.2}% 43
\BOOKMARK [0][-]{chapter.3}{SecureBoot}{}% 44
\BOOKMARK [1][-]{section.3.1}{Implementing a ARM-based Secure Boot Scheme for the Isolated Execution Environment}{chapter.3}% 45
\BOOKMARK [2][-]{subsection.3.1.1}{Introduction}{section.3.1}% 46
\BOOKMARK [2][-]{subsection.3.1.2}{Design and Implementation}{section.3.1}% 47
\BOOKMARK [1][-]{section.3.2}{Implementing a ARM-based Secure Boot Scheme for the Isolated Execution Environment}{chapter.3}% 48
\BOOKMARK [2][-]{subsection.3.2.1}{Introduction}{section.3.2}% 49
\BOOKMARK [2][-]{subsection.3.2.2}{Design and Implementation}{section.3.2}% 50
\BOOKMARK [0][-]{chapter.4}{OP-TEE}{}% 51
\BOOKMARK [1][-]{section.4.1}{Open-TEE - An Open Virtual Trusted Execution Environment}{chapter.4}% 52
\BOOKMARK [2][-]{subsection.4.1.1}{Introduction}{section.4.1}% 53
\BOOKMARK [2][-]{subsection.4.1.2}{Background}{section.4.1}% 54
\BOOKMARK [2][-]{subsection.4.1.3}{OPen-TEE}{section.4.1}% 55
\BOOKMARK [2][-]{subsection.4.1.4}{Evaluation}{section.4.1}% 56
\BOOKMARK [0][-]{chapter.5}{Documentation}{}% 57
\BOOKMARK [1][-]{section.5.1}{OP-TEE}{chapter.5}% 58
\BOOKMARK [2][-]{subsection.5.1.1}{Introduction}{section.5.1}% 59
\BOOKMARK [2][-]{subsection.5.1.2}{Interrupt Handling}{section.5.1}% 60
\BOOKMARK [2][-]{subsection.5.1.3}{Notifications}{section.5.1}% 61
\BOOKMARK [2][-]{subsection.5.1.4}{Memory Objects}{section.5.1}% 62
\BOOKMARK [2][-]{subsection.5.1.5}{Memory Management Unit}{section.5.1}% 63
\BOOKMARK [2][-]{subsection.5.1.6}{Pager}{section.5.1}% 64
\BOOKMARK [2][-]{subsection.5.1.7}{Stacks}{section.5.1}% 65
\BOOKMARK [2][-]{subsection.5.1.8}{Shared Memory}{section.5.1}% 66
\BOOKMARK [2][-]{subsection.5.1.9}{Thread Handling}{section.5.1}% 67
\BOOKMARK [2][-]{subsection.5.1.10}{Secure Boot}{section.5.1}% 68
\BOOKMARK [2][-]{subsection.5.1.11}{Secure Storage}{section.5.1}% 69
\BOOKMARK [2][-]{subsection.5.1.12}{Trusted Application}{section.5.1}% 70
\BOOKMARK [2][-]{subsection.5.1.13}{Virtualization}{section.5.1}% 71
\BOOKMARK [2][-]{subsection.5.1.14}{SPMC}{section.5.1}% 72
